{"C:\\Users\\User\\Downloads\\vue-training\\job-search\\src\\components\\ActionButton.vue": {"path":"C:\\Users\\User\\Downloads\\vue-training\\job-search\\src\\components\\ActionButton.vue","statementMap":{"0":{"start":{"line":15,"column":15},"end":{"line":15,"column":null}}},"fnMap":{},"branchMap":{},"s":{"0":1},"f":{},"b":{}}
,"C:\\Users\\User\\Downloads\\vue-training\\job-search\\src\\components\\ProfileImage.vue": {"path":"C:\\Users\\User\\Downloads\\vue-training\\job-search\\src\\components\\ProfileImage.vue","statementMap":{"0":{"start":{"line":7,"column":17},"end":{"line":7,"column":null}},"1":{"start":{"line":10,"column":6},"end":{"line":10,"column":13}}},"fnMap":{"0":{"name":"(anonymous_0)","decl":{"start":{"line":9,"column":4},"end":{"line":9,"column":8}},"loc":{"start":{"line":9,"column":11},"end":{"line":13,"column":null}}}},"branchMap":{},"s":{"0":1,"1":1},"f":{"0":1},"b":{}}
}
